<?xml version="1.0" encoding="UTF-8"?>
<!-- Generated by org.testng.reporters.JUnitXMLReporter -->
<testsuite hostname="Sugirtha" ignored="0" name="Leads" tests="4" failures="1" timestamp="23 Jun 2018 13:39:06 GMT" time="93.26" errors="0">
  <testcase name="editLead" time="33.377" classname="tests.EditLead"/>
  <testcase name="createLead" time="17.248" classname="tests.CreateLead"/>
  <testcase name="deletingLead" time="0.006" classname="tests.DeleteLead">
    <failure type="java.lang.NullPointerException">
      <![CDATA[java.lang.NullPointerException
at lib.selenium.WebDriverServiceImpl.locateElement(WebDriverServiceImpl.java:24)
at tests.DeleteLead.deletingLead(DeleteLead.java:14)
... Removed 25 stack frames]]>
    </failure>
  </testcase> <!-- deletingLead -->
  <testcase name="mergeLead" time="18.889" classname="tests.MergeLead"/>
</testsuite> <!-- Leads -->
