<?xml version="1.0" encoding="UTF-8"?>
<!-- Generated by org.testng.reporters.JUnitXMLReporter -->
<testsuite hostname="Sugirtha" ignored="4" name="Test" tests="4" failures="0" timestamp="01 Jul 2018 07:26:30 GMT" time="99.781" errors="0">
  <testcase name="createLead" time="23.185" classname="tests.leads.CreateLeadForReports2"/>
  <testcase name="createLead" time="17.55" classname="tests.leads.CreateLeadForReports"/>
  <testcase name="createLead" time="19.879" classname="tests.leads.CreateLeadForReports2"/>
  <testcase name="createLead" time="19.652" classname="tests.leads.CreateLeadForReports"/>
  <testcase name="@AfterSuite afterSuite" time="0.0" classname="lib.selenium.PreAndPost">
    <ignored/>
  </testcase> <!-- @AfterSuite afterSuite -->
  <testcase name="@BeforeTest beforeTest" time="0.0" classname="lib.selenium.PreAndPost">
    <ignored/>
  </testcase> <!-- @BeforeTest beforeTest -->
  <testcase name="@AfterTest afterTest" time="0.0" classname="lib.selenium.PreAndPost">
    <ignored/>
  </testcase> <!-- @AfterTest afterTest -->
  <testcase name="@BeforeSuite beforeSuite" time="0.0" classname="lib.selenium.PreAndPost">
    <ignored/>
  </testcase> <!-- @BeforeSuite beforeSuite -->
</testsuite> <!-- Test -->
