<?xml version="1.0" encoding="UTF-8"?>
<!-- Generated by org.testng.reporters.JUnitXMLReporter -->
<testsuite hostname="Sugirtha" ignored="9" name="Leads" tests="4" failures="3" timestamp="23 Jun 2018 07:11:50 GMT" time="130.525" errors="0">
  <testcase name="createLead" time="22.031" classname="tests.CreateLead">
    <failure type="java.lang.NullPointerException">
      <![CDATA[java.lang.NullPointerException
at org.openqa.selenium.support.events.EventFiringWebDriver.extractInterfaces(EventFiringWebDriver.java:118)
at org.openqa.selenium.support.events.EventFiringWebDriver.access$300(EventFiringWebDriver.java:67)
at org.openqa.selenium.support.events.EventFiringWebDriver$EventFiringWebElement.<init>(EventFiringWebDriver.java:365)
at org.openqa.selenium.support.events.EventFiringWebDriver$EventFiringWebElement.<init>(EventFiringWebDriver.java:357)
at org.openqa.selenium.support.events.EventFiringWebDriver.createWebElement(EventFiringWebDriver.java:308)
at org.openqa.selenium.support.events.EventFiringWebDriver.findElement(EventFiringWebDriver.java:188)
at lib.selenium.WebDriverServiceImpl.locateElement(WebDriverServiceImpl.java:24)
at tests.CreateLead.createLead(CreateLead.java:14)
... Removed 25 stack frames]]>
    </failure>
  </testcase> <!-- createLead -->
  <testcase name="createLead" time="9.465" classname="tests.CreateLead">
    <failure type="java.lang.NullPointerException">
      <![CDATA[java.lang.NullPointerException
at org.openqa.selenium.support.events.EventFiringWebDriver.extractInterfaces(EventFiringWebDriver.java:118)
at org.openqa.selenium.support.events.EventFiringWebDriver.access$300(EventFiringWebDriver.java:67)
at org.openqa.selenium.support.events.EventFiringWebDriver$EventFiringWebElement.<init>(EventFiringWebDriver.java:365)
at org.openqa.selenium.support.events.EventFiringWebDriver$EventFiringWebElement.<init>(EventFiringWebDriver.java:357)
at org.openqa.selenium.support.events.EventFiringWebDriver.createWebElement(EventFiringWebDriver.java:308)
at org.openqa.selenium.support.events.EventFiringWebDriver.findElement(EventFiringWebDriver.java:188)
at lib.selenium.WebDriverServiceImpl.locateElement(WebDriverServiceImpl.java:24)
at tests.CreateLead.createLead(CreateLead.java:14)
... Removed 25 stack frames]]>
    </failure>
  </testcase> <!-- createLead -->
  <testcase name="editLead" time="0.0" classname="tests.EditLead">
    <skipped/>
  </testcase> <!-- editLead -->
  <testcase name="deletingLead" time="0.005" classname="tests.DeleteLead">
    <failure type="java.lang.NullPointerException">
      <![CDATA[java.lang.NullPointerException
at lib.selenium.WebDriverServiceImpl.locateElement(WebDriverServiceImpl.java:24)
at tests.DeleteLead.deletingLead(DeleteLead.java:13)
... Removed 25 stack frames]]>
    </failure>
  </testcase> <!-- deletingLead -->
  <testcase name="@AfterSuite afterSuite" time="0.0" classname="lib.selenium.PreAndPost">
    <ignored/>
  </testcase> <!-- @AfterSuite afterSuite -->
  <testcase name="@AfterSuite afterSuite" time="0.0" classname="lib.selenium.PreAndPost">
    <ignored/>
  </testcase> <!-- @AfterSuite afterSuite -->
  <testcase name="duplicateLead" time="0.0" classname="tests.DuplicateLead">
    <ignored/>
  </testcase> <!-- duplicateLead -->
  <testcase name="@BeforeTest beforeTest" time="0.0" classname="lib.selenium.PreAndPost">
    <ignored/>
  </testcase> <!-- @BeforeTest beforeTest -->
  <testcase name="@BeforeTest beforeTest" time="0.0" classname="lib.selenium.PreAndPost">
    <ignored/>
  </testcase> <!-- @BeforeTest beforeTest -->
  <testcase name="@AfterTest afterTest" time="0.0" classname="lib.selenium.PreAndPost">
    <ignored/>
  </testcase> <!-- @AfterTest afterTest -->
  <testcase name="@AfterTest afterTest" time="0.0" classname="lib.selenium.PreAndPost">
    <ignored/>
  </testcase> <!-- @AfterTest afterTest -->
  <testcase name="@BeforeSuite beforeSuite" time="0.0" classname="lib.selenium.PreAndPost">
    <ignored/>
  </testcase> <!-- @BeforeSuite beforeSuite -->
  <testcase name="@BeforeSuite beforeSuite" time="0.0" classname="lib.selenium.PreAndPost">
    <ignored/>
  </testcase> <!-- @BeforeSuite beforeSuite -->
</testsuite> <!-- Leads -->
