<?xml version="1.0" encoding="UTF-8"?>
<!-- Generated by org.testng.reporters.JUnitXMLReporter -->
<testsuite hostname="Sugirtha" ignored="4" name="Leads" tests="2" failures="0" timestamp="23 Jun 2018 04:49:31 GMT" time="91.352" errors="0">
  <testcase name="createLead" time="21.876" classname="tests.CreateLead"/>
  <testcase name="editLead" time="76.589" classname="tests.EditLead"/>
  <testcase name="@AfterSuite afterSuite" time="0.0" classname="lib.selenium.PreAndPost">
    <ignored/>
  </testcase> <!-- @AfterSuite afterSuite -->
  <testcase name="@BeforeTest beforeTest" time="0.0" classname="lib.selenium.PreAndPost">
    <ignored/>
  </testcase> <!-- @BeforeTest beforeTest -->
  <testcase name="@AfterTest afterTest" time="0.0" classname="lib.selenium.PreAndPost">
    <ignored/>
  </testcase> <!-- @AfterTest afterTest -->
  <testcase name="@BeforeSuite beforeSuite" time="0.0" classname="lib.selenium.PreAndPost">
    <ignored/>
  </testcase> <!-- @BeforeSuite beforeSuite -->
</testsuite> <!-- Leads -->
